C51 COMPILER V9.53.0.0   TIMER_COUNTDOWNZ                                                  04/08/2017 22:06:36 PAGE 1   


C51 COMPILER V9.53.0.0, COMPILATION OF MODULE TIMER_COUNTDOWNZ
NO OBJECT MODULE REQUESTED
COMPILER INVOKED BY: Z:\home\hexafraction\SimplicityStudio_v4\developer\toolchains\keil_8051\9.53\BIN\C51.exe /home/hexa
                    -fraction/SimplicityStudio/v4_workspace/timerlib/src/timer_countdownz.c OMF2 SMALL DEBUG OBJECTEXTEND ROM(LARGE) WARNINGL
                    -EVEL(2) FLOATFUZZY(3) OPTIMIZE(8,SPEED) DEFINE(DEBUG=1) INTVECTOR(0X0000) INTPROMOTE INCDIR(/home/hexafraction/Simplicit
                    -yStudio_v4/developer/sdks/8051/v4.0.3//Device/shared/si8051base;/home/hexafraction/SimplicityStudio_v4/developer/sdks/80
                    -51/v4.0.3//Device/EFM8BB3/inc) PRINT(.\src/timer_countdownz.lst) COND PAGEWIDTH(120) PAGELENGTH(65) OBJECT(.\src/timer_c
                    -ountdownz.OBJ)

line level    source

   1          #pragma src
   2          void performCountdown(){
   3   1      #pragma asm
   4   1              nop
   5   1      #pragma endasm
   6   1      }


MODULE INFORMATION:   STATIC OVERLAYABLE
   CODE SIZE        =      4    ----
   CONSTANT SIZE    =   ----    ----
   XDATA SIZE       =   ----    ----
   PDATA SIZE       =   ----    ----
   DATA SIZE        =   ----    ----
   IDATA SIZE       =   ----    ----
   BIT SIZE         =   ----    ----
   EDATA SIZE       =   ----    ----
   HDATA SIZE       =   ----    ----
   XDATA CONST SIZE =   ----    ----
   FAR CONST SIZE   =   ----    ----
END OF MODULE INFORMATION.


C51 COMPILATION COMPLETE.  0 WARNING(S),  0 ERROR(S)
