C51 COMPILER V9.53.0.0   RERENDER                                                          04/12/2017 14:52:17 PAGE 1   


C51 COMPILER V9.53.0.0, COMPILATION OF MODULE RERENDER
OBJECT MODULE PLACED IN .\lib/bsp/efm8_memory_lcd/src/rerender.OBJ
COMPILER INVOKED BY: Z:\Applications\Simplicity Studio.app\Contents\Eclipse\developer\toolchains\keil_8051\9.53\BIN\C51.
                    -exe /Users/rafi/Documents/Code/ECE-251-A/ece251a-project2/lib/bsp/efm8_memory_lcd/src/rerender.c OMF2 SMALL DEBUG OBJECT
                    -EXTEND ROM(LARGE) WARNINGLEVEL(2) FLOATFUZZY(3) OPTIMIZE(8,SPEED) DEFINE(DEBUG=1) INTVECTOR(0X0000) INTPROMOTE INCDIR(/A
                    -pplications/Simplicity Studio.app/Contents/Eclipse/developer/sdks/8051/v4.0.3//Device/shared/si8051base;/Applications/Si
                    -mplicity Studio.app/Contents/Eclipse/developer/sdks/8051/v4.0.3//Device/EFM8BB3/inc;/Applications/Simplicity Studio.app/
                    -Contents/Eclipse/developer/sdks/8051/v4.0.3//kits/common/drivers/efm8_memory_lcd/inc;/Applications/Simplicity Studio.app
                    -/Contents/Eclipse/developer/sdks/8051/v4.0.3//kits/common/drivers/efm8_memory_lcd/inc/graphics;/Applications/Simplicity 
                    -Studio.app/Contents/Eclipse/developer/sdks/8051/v4.0.3//kits/common/drivers/efm8_memory_lcd/inc/config;/Applications/Sim
                    -plicity Studio.app/Contents/Eclipse/developer/sdks/8051/v4.0.3//kits/common/bsp;/Applications/Simplicity Studio.app/Cont
                    -ents/Eclipse/developer/sdks/8051/v4.0.3//kits/EFM8BB3_SLSTK2022A/config;/Applications/Simplicity Studio.app/Contents/Ecl
                    -ipse/developer/sdks/8051/v4.0.3//Device/EFM8BB3/peripheral_driver/inc) PRINT(.\lib/bsp/efm8_memory_lcd/src/rerender.lst)
                    - COND PAGEWIDTH(120) PAGELENGTH(65) OBJECT(.\lib/bsp/efm8_memory_lcd/src/rerender.OBJ)

line level    source



MODULE INFORMATION:   STATIC OVERLAYABLE
   CODE SIZE        =   ----    ----
   CONSTANT SIZE    =   ----    ----
   XDATA SIZE       =   ----    ----
   PDATA SIZE       =   ----    ----
   DATA SIZE        =   ----    ----
   IDATA SIZE       =   ----    ----
   BIT SIZE         =   ----    ----
   EDATA SIZE       =   ----    ----
   HDATA SIZE       =   ----    ----
   XDATA CONST SIZE =   ----    ----
   FAR CONST SIZE   =   ----    ----
END OF MODULE INFORMATION.


C51 COMPILATION COMPLETE.  0 WARNING(S),  0 ERROR(S)
